<?xml version="1.0" encoding="UTF-8"?>
<!-- Generated by org.testng.reporters.JUnitXMLReporter -->
<testsuite hostname="DESKTOP-GFSFO7N" ignored="0" name="Surefire test" tests="4" failures="0" timestamp="2021-04-23T11:26:51 IST" time="39.911" errors="0">
  <testcase name="handleDynamicDropdown" time="12.875" classname="tests.ConceptsTest"/>
  <testcase name="softAssert" time="0.738" classname="tests.ConceptsTest"/>
  <testcase name="countLinks" time="0.405" classname="tests.ConceptsTest"/>
  <testcase name="multipleWindows" time="4.801" classname="tests.ConceptsTest"/>
</testsuite> <!-- Surefire test -->
