<?xml version="1.0" encoding="UTF-8"?>
<!-- Generated by org.testng.reporters.JUnitXMLReporter -->
<testsuite hostname="DESKTOP-GFSFO7N" ignored="0" name="Test" tests="6" failures="0" timestamp="2021-04-17T22:57:06 IST" time="87.97" errors="0">
  <testcase name="handleDynamicDropdown" time="15.961" classname="tests.Concepts"/>
  <testcase name="softAssert" time="0.679" classname="tests.Concepts"/>
  <testcase name="countLinks" time="0.539" classname="tests.Concepts"/>
  <testcase name="multipleWindows" time="5.283" classname="tests.Concepts"/>
  <testcase name="fileUpload" time="12.322" classname="tests.FileUploadAndDownload"/>
  <testcase name="fileDownloadAndVerify" time="11.779" classname="tests.FileUploadAndDownload"/>
</testsuite> <!-- Test -->
