<?xml version="1.0" encoding="UTF-8"?>
<!-- Generated by org.testng.reporters.JUnitXMLReporter -->
<testsuite hostname="DESKTOP-GFSFO7N" ignored="0" name="Test" tests="7" failures="0" timestamp="2021-04-23T11:15:05 IST" time="79.289" errors="0">
  <testcase name="handleDynamicDropdown" time="12.546" classname="tests.Concepts"/>
  <testcase name="softAssert" time="0.587" classname="tests.Concepts"/>
  <testcase name="countLinks" time="0.254" classname="tests.Concepts"/>
  <testcase name="multipleWindows" time="5.229" classname="tests.Concepts"/>
  <testcase name="fileUpload" time="5.909" classname="tests.FileUploadAndDownload"/>
  <testcase name="fileDownloadAndVerify" time="11.466" classname="tests.FileUploadAndDownload"/>
  <testcase name="connectionToDB" time="2.484" classname="tests.JDBC"/>
</testsuite> <!-- Test -->
