<?xml version="1.0" encoding="UTF-8"?>
<testng-results skipped="0" failed="0" ignored="0" total="1" passed="1">
  <reporter-output>
  </reporter-output>
  <suite name="Default suite" duration-ms="2769" started-at="2021-06-08T17:15:29 IST" finished-at="2021-06-08T17:15:32 IST">
    <groups>
    </groups>
    <test name="Default test" duration-ms="2769" started-at="2021-06-08T17:15:29 IST" finished-at="2021-06-08T17:15:32 IST">
      <class name="tests.JDBC">
        <test-method status="PASS" signature="connectionToDB()[pri:0, instance:tests.JDBC@2118cddf]" name="connectionToDB" duration-ms="2672" started-at="2021-06-08T17:15:29 IST" finished-at="2021-06-08T17:15:32 IST">
          <reporter-output>
          </reporter-output>
        </test-method> <!-- connectionToDB -->
      </class> <!-- tests.JDBC -->
    </test> <!-- Default test -->
  </suite> <!-- Default suite -->
</testng-results>
